<?xml version="1.0" encoding="UTF-8"?>
<coverage generated="1605942111093" clover="3.2.0">
  <project timestamp="1605942111093" name="All files">
    <metrics statements="37" coveredstatements="30" conditionals="26" coveredconditionals="19" methods="6" coveredmethods="6" elements="69" coveredelements="55" complexity="0" loc="37" ncloc="37" packages="1" files="2" classes="2"/>
    <file name="app.jsx" path="/Users/avigail/Desktop/FEC/barnesandundignifiedProductAndAuthor/client/src/components/app.jsx">
      <metrics statements="9" coveredstatements="9" conditionals="0" coveredconditionals="0" methods="5" coveredmethods="5"/>
      <line num="9" count="2" type="stmt"/>
      <line num="10" count="2" type="stmt"/>
      <line num="33" count="3" type="stmt"/>
      <line num="34" count="3" type="stmt"/>
      <line num="37" count="1" type="stmt"/>
      <line num="38" count="1" type="stmt"/>
      <line num="39" count="1" type="stmt"/>
      <line num="43" count="2" type="stmt"/>
      <line num="48" count="3" type="stmt"/>
    </file>
    <file name="productDetails.jsx" path="/Users/avigail/Desktop/FEC/barnesandundignifiedProductAndAuthor/client/src/components/productDetails.jsx">
      <metrics statements="28" coveredstatements="21" conditionals="26" coveredconditionals="19" methods="1" coveredmethods="1"/>
      <line num="6" count="2" type="stmt"/>
      <line num="7" count="2" type="stmt"/>
      <line num="8" count="2" type="stmt"/>
      <line num="9" count="2" type="stmt"/>
      <line num="10" count="2" type="stmt"/>
      <line num="11" count="2" type="stmt"/>
      <line num="12" count="2" type="stmt"/>
      <line num="13" count="2" type="stmt"/>
      <line num="16" count="2" type="cond" truecount="1" falsecount="1"/>
      <line num="17" count="0" type="stmt"/>
      <line num="24" count="2" type="cond" truecount="3" falsecount="1"/>
      <line num="25" count="0" type="stmt"/>
      <line num="32" count="2" type="cond" truecount="4" falsecount="0"/>
      <line num="33" count="1" type="stmt"/>
      <line num="40" count="2" type="cond" truecount="3" falsecount="1"/>
      <line num="41" count="0" type="stmt"/>
      <line num="48" count="2" type="cond" truecount="3" falsecount="1"/>
      <line num="49" count="0" type="stmt"/>
      <line num="56" count="2" type="cond" truecount="1" falsecount="1"/>
      <line num="57" count="0" type="stmt"/>
      <line num="64" count="2" type="cond" truecount="3" falsecount="1"/>
      <line num="65" count="0" type="stmt"/>
      <line num="72" count="2" type="cond" truecount="1" falsecount="1"/>
      <line num="73" count="0" type="stmt"/>
      <line num="79" count="2" type="stmt"/>
      <line num="81" count="2" type="stmt"/>
      <line num="82" count="2" type="stmt"/>
      <line num="87" count="2" type="stmt"/>
    </file>
  </project>
</coverage>
