TN:
SF:client/src/components/app.jsx
FN:8,(anonymous_0)
FN:32,(anonymous_1)
FN:35,(anonymous_2)
FN:41,(anonymous_3)
FN:47,(anonymous_4)
FNF:5
FNH:4
FNDA:2,(anonymous_0)
FNDA:2,(anonymous_1)
FNDA:2,(anonymous_2)
FNDA:0,(anonymous_3)
FNDA:4,(anonymous_4)
DA:9,2
DA:10,2
DA:33,2
DA:34,2
DA:37,2
DA:38,2
DA:39,2
DA:43,0
DA:48,4
LF:9
LH:8
BRF:0
BRH:0
end_of_record
TN:
SF:client/src/components/productDetails.jsx
FN:4,(anonymous_0)
FNF:1
FNH:1
FNDA:3,(anonymous_0)
DA:6,3
DA:7,3
DA:8,3
DA:9,3
DA:10,3
DA:11,3
DA:12,3
DA:13,3
DA:16,3
DA:17,0
DA:24,3
DA:25,0
DA:32,3
DA:33,2
DA:40,3
DA:41,0
DA:48,3
DA:49,0
DA:56,3
DA:57,0
DA:64,3
DA:65,0
DA:72,3
DA:73,0
DA:79,3
DA:81,3
DA:82,3
DA:87,3
LF:28
LH:21
BRDA:16,0,0,0
BRDA:16,0,1,3
BRDA:24,1,0,0
BRDA:24,1,1,3
BRDA:24,2,0,3
BRDA:24,2,1,3
BRDA:32,3,0,2
BRDA:32,3,1,1
BRDA:32,4,0,3
BRDA:32,4,1,3
BRDA:40,5,0,0
BRDA:40,5,1,3
BRDA:40,6,0,3
BRDA:40,6,1,1
BRDA:48,7,0,0
BRDA:48,7,1,3
BRDA:48,8,0,3
BRDA:48,8,1,2
BRDA:56,9,0,0
BRDA:56,9,1,3
BRDA:64,10,0,0
BRDA:64,10,1,3
BRDA:64,11,0,3
BRDA:64,11,1,1
BRDA:72,12,0,0
BRDA:72,12,1,3
BRF:26
BRH:19
end_of_record
TN:
SF:db/index.js
FN:8,(anonymous_0)
FNF:1
FNH:1
FNDA:1,(anonymous_0)
DA:2,1
DA:4,1
DA:6,1
DA:7,1
DA:8,1
DA:9,1
DA:12,1
DA:33,1
DA:42,1
LF:9
LH:9
BRF:0
BRH:0
end_of_record
TN:
SF:server/index.js
FN:13,(anonymous_0)
FN:17,(anonymous_1)
FN:25,(anonymous_2)
FN:31,(anonymous_3)
FN:35,(anonymous_4)
FN:40,(anonymous_5)
FN:44,(anonymous_6)
FN:52,(anonymous_7)
FN:58,(anonymous_8)
FNF:9
FNH:7
FNDA:1,(anonymous_0)
FNDA:1,(anonymous_1)
FNDA:0,(anonymous_2)
FNDA:1,(anonymous_3)
FNDA:1,(anonymous_4)
FNDA:1,(anonymous_5)
FNDA:1,(anonymous_6)
FNDA:0,(anonymous_7)
FNDA:1,(anonymous_8)
DA:2,1
DA:3,1
DA:4,1
DA:5,1
DA:6,1
DA:8,1
DA:9,1
DA:13,1
DA:14,1
DA:15,1
DA:18,1
DA:19,1
DA:20,0
DA:22,1
DA:26,0
DA:27,0
DA:31,1
DA:32,1
DA:35,1
DA:36,1
DA:40,1
DA:42,1
DA:45,1
DA:46,1
DA:47,0
DA:49,1
DA:53,0
DA:54,0
DA:57,1
DA:58,1
DA:59,1
DA:62,1
LF:32
LH:26
BRDA:19,0,0,0
BRDA:19,0,1,1
BRDA:46,1,0,0
BRDA:46,1,1,1
BRF:4
BRH:2
end_of_record
