TN:
SF:client/src/components/app.jsx
FN:8,(anonymous_0)
FN:32,(anonymous_1)
FN:35,(anonymous_2)
FN:41,(anonymous_3)
FN:47,(anonymous_4)
FNF:5
FNH:5
FNDA:2,(anonymous_0)
FNDA:3,(anonymous_1)
FNDA:1,(anonymous_2)
FNDA:2,(anonymous_3)
FNDA:3,(anonymous_4)
DA:9,2
DA:10,2
DA:33,3
DA:34,3
DA:37,1
DA:38,1
DA:39,1
DA:43,2
DA:48,3
LF:9
LH:9
BRF:0
BRH:0
end_of_record
TN:
SF:client/src/components/productDetails.jsx
FN:4,(anonymous_0)
FNF:1
FNH:1
FNDA:2,(anonymous_0)
DA:6,2
DA:7,2
DA:8,2
DA:9,2
DA:10,2
DA:11,2
DA:12,2
DA:13,2
DA:16,2
DA:17,0
DA:24,2
DA:25,0
DA:32,2
DA:33,1
DA:40,2
DA:41,0
DA:48,2
DA:49,0
DA:56,2
DA:57,0
DA:64,2
DA:65,0
DA:72,2
DA:73,0
DA:79,2
DA:81,2
DA:82,2
DA:87,2
LF:28
LH:21
BRDA:16,0,0,0
BRDA:16,0,1,2
BRDA:24,1,0,0
BRDA:24,1,1,2
BRDA:24,2,0,2
BRDA:24,2,1,2
BRDA:32,3,0,1
BRDA:32,3,1,1
BRDA:32,4,0,2
BRDA:32,4,1,2
BRDA:40,5,0,0
BRDA:40,5,1,2
BRDA:40,6,0,2
BRDA:40,6,1,1
BRDA:48,7,0,0
BRDA:48,7,1,2
BRDA:48,8,0,2
BRDA:48,8,1,1
BRDA:56,9,0,0
BRDA:56,9,1,2
BRDA:64,10,0,0
BRDA:64,10,1,2
BRDA:64,11,0,2
BRDA:64,11,1,1
BRDA:72,12,0,0
BRDA:72,12,1,2
BRF:26
BRH:19
end_of_record
